Log file open, 05/13/25 10:31:12
LogTrace: Initializing trace...
LogTrace: Finished trace initialization.
LogInit: Session CrashGUID >====================================================
         Session CrashGUID >   UECC-Windows-0E526042481EDDD839C02DA8E5FBBC51
         Session CrashGUID >====================================================
LogConfig: No local boot hotfix file found at: [../../../../../../Repos/Unreal_stealth/Unreal_stealth_proj/Stealth_game/Saved/PersistentDownloadDir/HotfixForNextBoot.txt]
LogPluginManager: Mounting Engine plugin PlatformCrypto
LogInit: ExecutableName: UnrealPak.exe
LogInit: Build: ++UE5+Release-5.5-CL-39772772
LogInit: Platform=WindowsEditor
LogInit: MachineId=445e24d14de89a6f384feeb5916a914e
LogInit: DeviceId=
LogInit: Engine Version: 5.5.3-39772772+++UE5+Release-5.5
LogInit: Compatible Engine Version: 5.5.0-37670630+++UE5+Release-5.5
LogInit: Net CL: 37670630
LogInit: OS: Windows 11 (23H2) [10.0.22631.5189] (), CPU: AMD Ryzen 5 7500F 6-Core Processor             , GPU: NVIDIA GeForce RTX 3060
LogInit: Compiled (64-bit): Feb  5 2025 22:49:28
LogInit: Architecture: x64
LogInit: Compiled with Visual C++: 19.38.33130.00
LogInit: Build Configuration: Development
LogInit: Branch Name: ++UE5+Release-5.5
LogInit: Command Line: -CreateGlobalContainer=C:\Repos\Unreal_stealth\Unreal_stealth_proj\Stealth_game\Saved\StagedBuilds\Windows\Stealth_game\Content\Paks\global.utoc -PackageStoreManifest=C:\Repos\Unreal_stealth\Unreal_stealth_proj\Stealth_game\Saved\Cooked\Windows\Stealth_game\Metadata\packagestore.manifest -CookedDirectory=C:\Repos\Unreal_stealth\Unreal_stealth_proj\Stealth_game\Saved\Cooked\Windows -Commands="C:\Users\Domin\AppData\Roaming\Unreal Engine\AutomationTool\Logs\C+Gry+EpicGames+UE_5.5\IoStoreCommands.txt" -ScriptObjects=C:\Repos\Unreal_stealth\Unreal_stealth_proj\Stealth_game\Saved\Cooked\Windows\Stealth_game\Metadata\scriptobjects.bin -patchpaddingalign=2048 -compressionformats=Oodle -compresslevel=4 -compressmethod=Kraken -cryptokeys=C:\Repos\Unreal_stealth\Unreal_stealth_proj\Stealth_game\Saved\Cooked\Windows\Stealth_game\Metadata\Crypto.json -compressionMinBytesSaved=1024 -compressionMinPercentSaved=5 -WriteBackMetadataToAssetRegistry=Disabled -nopak
LogInit: Base Directory: C:/Gry/EpicGames/UE_5.5/Engine/Binaries/Win64/
LogInit: Allocator: Mimalloc
LogInit: Installed Engine Build: 1
LogInit: This binary is optimized with LTO: no, PGO: no, instrumented for PGO data collection: no
LogDevObjectVersion: Number of dev versions registered: 35
LogDevObjectVersion:   Dev-Blueprints (B0D832E4-1F89-4F0D-ACCF-7EB736FD4AA2): 10
LogDevObjectVersion:   Dev-Build (E1C64328-A22C-4D53-A36C-8E866417BD8C): 0
LogDevObjectVersion:   Dev-Core (375EC13C-06E4-48FB-B500-84F0262A717E): 4
LogDevObjectVersion:   Dev-Editor (E4B068ED-F494-42E9-A231-DA0B2E46BB41): 40
LogDevObjectVersion:   Dev-Framework (CFFC743F-43B0-4480-9391-14DF171D2073): 37
LogDevObjectVersion:   Dev-Mobile (B02B49B5-BB20-44E9-A304-32B752E40360): 3
LogDevObjectVersion:   Dev-Networking (A4E4105C-59A1-49B5-A7C5-40C4547EDFEE): 0
LogDevObjectVersion:   Dev-Online (39C831C9-5AE6-47DC-9A44-9C173E1C8E7C): 0
LogDevObjectVersion:   Dev-Physics (78F01B33-EBEA-4F98-B9B4-84EACCB95AA2): 20
LogDevObjectVersion:   Dev-Platform (6631380F-2D4D-43E0-8009-CF276956A95A): 0
LogDevObjectVersion:   Dev-Rendering (12F88B9F-8875-4AFC-A67C-D90C383ABD29): 49
LogDevObjectVersion:   Dev-Sequencer (7B5AE74C-D270-4C10-A958-57980B212A5A): 13
LogDevObjectVersion:   Dev-VR (D7296918-1DD6-4BDD-9DE2-64A83CC13884): 3
LogDevObjectVersion:   Dev-LoadTimes (C2A15278-BFE7-4AFE-6C17-90FF531DF755): 1
LogDevObjectVersion:   Private-Geometry (6EACA3D4-40EC-4CC1-B786-8BED09428FC5): 3
LogDevObjectVersion:   Dev-AnimPhys (29E575DD-E0A3-4627-9D10-D276232CDCEA): 17
LogDevObjectVersion:   Dev-Anim (AF43A65D-7FD3-4947-9873-3E8ED9C1BB05): 15
LogDevObjectVersion:   Dev-ReflectionCapture (6B266CEC-1EC7-4B8F-A30B-E4D90942FC07): 1
LogDevObjectVersion:   Dev-Automation (0DF73D61-A23F-47EA-B727-89E90C41499A): 1
LogDevObjectVersion:   FortniteMain (601D1886-AC64-4F84-AA16-D3DE0DEAC7D6): 170
LogDevObjectVersion:   FortniteValkyrie (8DBC2C5B-54A7-43E0-A768-FCBB7DA29060): 8
LogDevObjectVersion:   FortniteSeason (5B4C06B7-2463-4AF8-805B-BF70CDF5D0DD): 13
LogDevObjectVersion:   FortniteRelease (E7086368-6B23-4C58-8439-1B7016265E91): 15
LogDevObjectVersion:   Dev-Enterprise (9DFFBCD6-494F-0158-E221-12823C92A888): 10
LogDevObjectVersion:   Dev-Niagara (F2AED0AC-9AFE-416F-8664-AA7FFA26D6FC): 1
LogDevObjectVersion:   Dev-Destruction (174F1F0B-B4C6-45A5-B13F-2EE8D0FB917D): 10
LogDevObjectVersion:   Dev-Physics-Ext (35F94A83-E258-406C-A318-09F59610247C): 41
LogDevObjectVersion:   Dev-PhysicsMaterial-Chaos (B68FC16E-8B1B-42E2-B453-215C058844FE): 1
LogDevObjectVersion:   Dev-CineCamera (B2E18506-4273-CFC2-A54E-F4BB758BBA07): 1
LogDevObjectVersion:   Dev-VirtualProduction (64F58936-FD1B-42BA-BA96-7289D5D0FA4E): 1
LogDevObjectVersion:   UE5-Main (697DD581-E64F-41AB-AA4A-51ECBEB7B628): 119
LogDevObjectVersion:   UE5-Release (D89B5E42-24BD-4D46-8412-ACA8DF641779): 51
LogDevObjectVersion:   UE5-PrivateFrosty (59DA5D52-1232-4948-B878-597870B8E98B): 8
LogDevObjectVersion:   Dev-MediaFramework (6F0ED827-A609-4895-9C91-998D90180EA4): 2
LogDevObjectVersion:   Dev-NaniteResearch (30D58BE3-95EA-4282-A6E3-B159D8EBB06A): 1
LogConfig: Branch 'PlatformCrypto' had been unloaded. Reloading on-demand took 0.18ms
LogInit: Presizing for max 100000 objects, including 0 objects not considered by GC.
LogInit: Object subsystem initialized
LogConfig: Applying CVar settings from Section [Startup] File [../../../Engine/Config/ConsoleVariables.ini]
LogConfig: CVar [[r.DumpShaderDebugInfo:2]] deferred - dummy variable created
LogConfig: CVar [[p.chaos.AllowCreatePhysxBodies:1]] deferred - dummy variable created
LogConfig: CVar [[fx.SkipVectorVMBackendOptimizations:1]] deferred - dummy variable created
LogConfig: CVar [[ds.CADTranslator.Meshing.ActivateThinZoneMeshing:0]] deferred - dummy variable created
LogConfig: CVar [[ds.CADTranslator.Stitching.RemoveThinFaces:0]] deferred - dummy variable created
LogConfig: Applying CVar settings from Section [Startup_Windows] File [../../../Engine/Config/ConsoleVariables.ini]
[2025.05.13-08.31.12:428][  0]LogConfig: Applying CVar settings from Section [ConsoleVariables] File [Engine]
[2025.05.13-08.31.12:428][  0]LogConfig: Set CVar [[memory.MemoryPressureCriticalThresholdMB:512]]
[2025.05.13-08.31.12:428][  0]LogInit: Computer: DESKTOP-1L8NFGO
[2025.05.13-08.31.12:428][  0]LogInit: User: Domin
[2025.05.13-08.31.12:428][  0]LogInit: CPU Page size=4096, Cores=6
[2025.05.13-08.31.12:428][  0]LogInit: High frequency timer resolution =10.000000 MHz
[2025.05.13-08.31.12:506][  0]LogMemory: Process is running as part of a Windows Job with separate resource limits
[2025.05.13-08.31.12:506][  0]LogMemory: Memory total: Physical=31.7GB (32GB approx) Virtual=33.7GB
[2025.05.13-08.31.12:506][  0]LogMemory: Platform Memory Stats for WindowsEditor
[2025.05.13-08.31.12:506][  0]LogMemory: Process Physical Memory: 54.72 MB used, 55.29 MB peak
[2025.05.13-08.31.12:506][  0]LogMemory: Process Virtual Memory: 110.88 MB used, 110.88 MB peak
[2025.05.13-08.31.12:506][  0]LogMemory: Physical Memory: 16310.85 MB used,  16200.73 MB free, 32511.58 MB total
[2025.05.13-08.31.12:506][  0]LogMemory: Virtual Memory: 22288.32 MB used,  12271.26 MB free, 34559.58 MB total
[2025.05.13-08.31.12:511][  0]LogAssetRegistry: FAssetRegistry took 0.0001 seconds to start up
[2025.05.13-08.31.12:512][  0]LogUObjectArray: 438 objects as part of root set at end of initial load.
[2025.05.13-08.31.12:512][  0]LogUObjectArray: CloseDisregardForGC: 0/0 objects in disregard for GC pool
[2025.05.13-08.31.12:512][  0]LogInit: Using OS detected language ().
[2025.05.13-08.31.12:512][  0]LogInit: Using OS detected locale ().
[2025.05.13-08.31.12:512][  0]LogTextLocalizationManager: No localization for '' exists, so 'en' will be used for the language.
[2025.05.13-08.31.12:513][  0]LogTextLocalizationManager: No localization for '' exists, so 'en' will be used for the locale.
[2025.05.13-08.31.12:513][  0]LogInit: Using OS detected language ().
[2025.05.13-08.31.12:513][  0]LogInit: Using OS detected locale ().
[2025.05.13-08.31.12:513][  0]LogTextLocalizationManager: No localization for '' exists, so 'en' will be used for the language.
[2025.05.13-08.31.12:513][  0]LogTextLocalizationManager: No localization for '' exists, so 'en' will be used for the locale.
[2025.05.13-08.31.12:513][  0]LogPakFile: Display: ProjectDir: ../../../../../../Repos/Unreal_stealth/Unreal_stealth_proj/Stealth_game/
[2025.05.13-08.31.12:513][  0]LogIoStore: Display: ==================== IoStore Utils ====================
[2025.05.13-08.31.12:513][  0]LogIoStore: Display: Parsing crypto keys from a crypto key cache file 'C:\Repos\Unreal_stealth\Unreal_stealth_proj\Stealth_game\Saved\Cooked\Windows\Stealth_game\Metadata\Crypto.json'
[2025.05.13-08.31.12:513][  0]LogIoStore: Display: Container signing - DISABLED
[2025.05.13-08.31.12:513][  0]LogIoStore: Display: Directory index - ENABLED
[2025.05.13-08.31.12:513][  0]LogIoStore: Display: Using compression format 'Oodle'
[2025.05.13-08.31.12:513][  0]LogIoStore: Display: Using memory mapping alignment '16384'
[2025.05.13-08.31.12:513][  0]LogIoStore: Display: Using compression block size '65536'
[2025.05.13-08.31.12:513][  0]LogIoStore: Display: Using compression block alignment '2048'
[2025.05.13-08.31.12:513][  0]LogIoStore: Display: Using compression min bytes saved '1024'
[2025.05.13-08.31.12:513][  0]LogIoStore: Display: Using compression min percent saved '5'
[2025.05.13-08.31.12:513][  0]LogIoStore: Display: Using max partition size '0'
[2025.05.13-08.31.12:513][  0]LogIoStore: Display: Not using DDC for compression
[2025.05.13-08.31.12:513][  0]LogIoStore: Display: Using command list file: 'C:\Users\Domin\AppData\Roaming\Unreal Engine\AutomationTool\Logs\C+Gry+EpicGames+UE_5.5\IoStoreCommands.txt'
[2025.05.13-08.31.12:515][  0]LogIoStore: Display: Selected Oodle level 4 (Normal) from command line for shaders
[2025.05.13-08.31.12:515][  0]LogIoStore: Display: Fetched 601 oplog items from Manifest in 0.00 seconds
[2025.05.13-08.31.12:517][  0]LogIoStore: Display: Parsed 601 oplog items 0.00 seconds, 730 chunks
[2025.05.13-08.31.12:520][  0]LogIoStore: Display: Using input asset registry: C:/Repos/Unreal_stealth/Unreal_stealth_proj/Stealth_game/Saved/Cooked/Windows/Stealth_game/Metadata/DevelopmentAssetRegistry.bin
[2025.05.13-08.31.12:524][  0]LogIoStore: Display: Loaded 147 chunk hashes from AssetRegistry in 0.01 seconds, 147 hashes updated in 0.00 seconds
[2025.05.13-08.31.12:525][  0]LogIoStore: Display: Searching for cooked assets in folder 'C:\Repos\Unreal_stealth\Unreal_stealth_proj\Stealth_game\Saved\Cooked\Windows'
[2025.05.13-08.31.12:535][  0]LogIoStore: Display: Found '1321' files
[2025.05.13-08.31.12:543][  0]LogIoStore: Display: Creating container targets...
[2025.05.13-08.31.12:545][  0]OodleDataCompression: Display: Oodle v2.9.12 format for pak/iostore with method=Kraken, level=4=Normal
[2025.05.13-08.31.12:578][  0]LogIoStore: Display: Parsing packages...
[2025.05.13-08.31.12:578][  0]LogIoStore: Display: Reading package assets...
[2025.05.13-08.31.12:581][  0]LogIoStore: Display: Packages read 583 files in 0.00 seconds, 1,047,447 total bytes, 255,636,989 bytes per second
[2025.05.13-08.31.12:583][  0]LogIoStore: Display: Processing shader libraries, compressing with Oodle Mermaid, level 4 (Normal)
[2025.05.13-08.31.12:589][  0]LogShaderLibrary: Display: Created IoStoreShaderArchive header: shaders grouped in 360 groups (135 of them didn't need new indices), average uncompressed size 155786 bytes, min 249 bytes, max 1047981 bytes (r.ShaderCodeLibrary.MaxShaderGroupSize=1048576)
[2025.05.13-08.31.12:658][  0]LogIoStore: Display: Global-PCD3D_SM5(PCD3D_SM5): Recompressed 3915 shaders as 360 groups. Library size changed from 12618 KB (4.34 : 1 ratio) to 5557 KB (9.86 : 1 ratio), 44.04% of previous.
[2025.05.13-08.31.12:677][  0]LogShaderLibrary: Display: Created IoStoreShaderArchive header: shaders grouped in 542 groups (183 of them didn't need new indices), average uncompressed size 211295 bytes, min 1249 bytes, max 1045875 bytes (r.ShaderCodeLibrary.MaxShaderGroupSize=1048576)
[2025.05.13-08.31.13:020][  0]LogIoStore: Display: Global-PCD3D_SM6(PCD3D_SM6): Recompressed 7584 shaders as 542 groups. Library size changed from 85599 KB (1.31 : 1 ratio) to 48193 KB (2.32 : 1 ratio), 56.30% of previous.
[2025.05.13-08.31.13:024][  0]LogShaderLibrary: Display: Created IoStoreShaderArchive header: shaders grouped in 162 groups (61 of them didn't need new indices), average uncompressed size 71259 bytes, min 490 bytes, max 965040 bytes (r.ShaderCodeLibrary.MaxShaderGroupSize=1048576)
[2025.05.13-08.31.13:038][  0]LogIoStore: Display: Stealth_game-PCD3D_SM5(PCD3D_SM5): Recompressed 955 shaders as 162 groups. Library size changed from 3031 KB (3.72 : 1 ratio) to 1414 KB (7.97 : 1 ratio), 46.67% of previous.
[2025.05.13-08.31.13:042][  0]LogShaderLibrary: Display: Created IoStoreShaderArchive header: shaders grouped in 186 groups (45 of them didn't need new indices), average uncompressed size 132089 bytes, min 2342 bytes, max 968129 bytes (r.ShaderCodeLibrary.MaxShaderGroupSize=1048576)
[2025.05.13-08.31.13:107][  0]LogIoStore: Display: Stealth_game-PCD3D_SM6(PCD3D_SM6): Recompressed 1905 shaders as 186 groups. Library size changed from 18285 KB (1.31 : 1 ratio) to 12244 KB (1.96 : 1 ratio), 66.96% of previous.
[2025.05.13-08.31.13:108][  0]LogIoStore: Display: Shaders processed in 0.52 seconds
[2025.05.13-08.31.13:108][  0]LogIoStore: Display: Initialized WriteRequestManager with MaxConcurrentSourceReads=6 (12 cores), MaxSourceBufferMemory=3072MiB
[2025.05.13-08.31.13:109][  0]LogIoStore: Display: Processing redirects...
[2025.05.13-08.31.13:109][  0]LogIoStore: Display: Creating disk layout...
[2025.05.13-08.31.13:110][  0]LogIoStore: Display: Ordered 583 packages using fallback bundle order
[2025.05.13-08.31.13:117][  0]LogIoStore: Display: Serializing container(s)...
[2025.05.13-08.31.13:733][  0]LogIoStore: Display: Writing and compressing took 0.57 seconds, writes to disk took 0.13 seconds for 263,504,688 bytes @ 1,998,438,348 bytes per second.
[2025.05.13-08.31.13:733][  0]LogIoStore: Display: global: Found perfect hashmap for 1 items.
[2025.05.13-08.31.13:733][  0]LogIoStore: Display: Stealth_game-Windows: Found perfect hashmap for 1983 items.
[2025.05.13-08.31.13:736][  0]LogIoStore: Display: Finalize took 0.0 seconds for 2 writers to write 223,845 bytes, 81,383,384 bytes per second
[2025.05.13-08.31.13:736][  0]LogIoStore: Display: Writing tocs... [Physical: 729 MiB, Virtual: 3393 MiB]
[2025.05.13-08.31.13:736][  0]LogIoStore: Display: 147 / 1,984 hashes were loaded from the hash database, by type:
[2025.05.13-08.31.13:736][  0]LogIoStore: Display:     BulkData                   147
[2025.05.13-08.31.13:736][  0]LogIoStore: Display: 730 / 1,984 chunks attempted to compress, by type:
[2025.05.13-08.31.13:736][  0]LogIoStore: Display:     ExportBundleData           583 / 583
[2025.05.13-08.31.13:736][  0]LogIoStore: Display:     BulkData                   147 / 147
[2025.05.13-08.31.13:736][  0]LogIoStore: Display:     ScriptObjects              0 / 1
[2025.05.13-08.31.13:736][  0]LogIoStore: Display:     ContainerHeader            0 / 1
[2025.05.13-08.31.13:736][  0]LogIoStore: Display:     ShaderCodeLibrary          0 / 4
[2025.05.13-08.31.13:736][  0]LogIoStore: Display:     ShaderCode                 0 / 1,248
[2025.05.13-08.31.13:736][  0]LogIoStore: Display: Source bytes read:
[2025.05.13-08.31.13:736][  0]LogIoStore: Display:     Zen:                                  0
[2025.05.13-08.31.13:736][  0]LogIoStore: Display:     Loose File:                 523,013,778
[2025.05.13-08.31.13:737][  0]LogIoStore: Display:         ExportBundleData        380,463,946 bytes over 1,166 reads
[2025.05.13-08.31.13:737][  0]LogIoStore: Display:         BulkData                142,549,832 bytes over 147 reads
[2025.05.13-08.31.13:737][  0]LogIoStore: Display:     Memory:                     139,214,274
[2025.05.13-08.31.13:737][  0]LogIoStore: Display:         ShaderCodeLibrary         1,165,864 bytes over 8 reads
[2025.05.13-08.31.13:737][  0]LogIoStore: Display:         ShaderCode              138,048,410 bytes over 2,496 reads
[2025.05.13-08.31.13:737][  0]LogIoStore: Display: Calculating stats...
[2025.05.13-08.31.13:737][  0]LogIoStore: Display: 
[2025.05.13-08.31.13:737][  0]LogIoStore: Display: Container Summary
[2025.05.13-08.31.13:737][  0]LogIoStore: Display: ==================
[2025.05.13-08.31.13:737][  0]LogIoStore: Display: 
[2025.05.13-08.31.13:737][  0]LogIoStore: Display: Container                                               Flags      Chunk(s) #       TOC (KiB)       Raw Size (MiB)           Size (MiB)
[2025.05.13-08.31.13:737][  0]LogIoStore: Display: ----------------------------------------------------------------------------------------------------------------------------------------------
[2025.05.13-08.31.13:737][  0]LogIoStore: Display: global                                              -/-/-/-/-               1            0.62                 2.29                 2.29 -
[2025.05.13-08.31.13:737][  0]LogIoStore: Display: Stealth_game-Windows                                C/-/-/I/-            1983          217.98               385.86               249.00 (35.47% Oodle)
[2025.05.13-08.31.13:737][  0]LogIoStore: Display: ----------------------------------------------------------------------------------------------------------------------------------------------
[2025.05.13-08.31.13:737][  0]LogIoStore: Display: Total                                                                    1984          218.60               388.16               251.30
[2025.05.13-08.31.13:737][  0]LogIoStore: Display: 
[2025.05.13-08.31.13:737][  0]LogIoStore: Display: ** Flags: (C)ompressed / (E)ncrypted / (S)igned) / (I)ndexed) / (O)nDemand **
[2025.05.13-08.31.13:737][  0]LogIoStore: Display: 
[2025.05.13-08.31.13:737][  0]LogIoStore: Display: Compression block padding:     1.43 MiB
[2025.05.13-08.31.13:737][  0]LogIoStore: Display: 
[2025.05.13-08.31.13:737][  0]LogIoStore: Display: Container Directory Index
[2025.05.13-08.31.13:737][  0]LogIoStore: Display: ==========================
[2025.05.13-08.31.13:737][  0]LogIoStore: Display: 
[2025.05.13-08.31.13:737][  0]LogIoStore: Display: Container                                          Size (KiB)
[2025.05.13-08.31.13:737][  0]LogIoStore: Display: ----------------------------------------------------------------------------------------------------------------------------------------------
[2025.05.13-08.31.13:737][  0]LogIoStore: Display: global                                                   0.00
[2025.05.13-08.31.13:737][  0]LogIoStore: Display: Stealth_game-Windows                                    34.37
[2025.05.13-08.31.13:737][  0]LogIoStore: Display: 
[2025.05.13-08.31.13:737][  0]LogIoStore: Display: Container Patch Report
[2025.05.13-08.31.13:737][  0]LogIoStore: Display: ========================
[2025.05.13-08.31.13:737][  0]LogIoStore: Display: 
[2025.05.13-08.31.13:737][  0]LogIoStore: Display: Container                                             Total #       Modified #          Added #   Modified (MiB)      Added (MiB)
[2025.05.13-08.31.13:737][  0]LogIoStore: Display: ----------------------------------------------------------------------------------------------------------------------------------------------
[2025.05.13-08.31.13:737][  0]LogIoStore: Display: global                                                      1                0                0             0.00             0.00
[2025.05.13-08.31.13:737][  0]LogIoStore: Display: Stealth_game-Windows                                     1983                0             1983             0.00           247.57
[2025.05.13-08.31.13:737][  0]LogIoStore: Display: 
[2025.05.13-08.31.13:737][  0]LogIoStore: Display: PackageStore
[2025.05.13-08.31.13:737][  0]LogIoStore: Display: =============
[2025.05.13-08.31.13:737][  0]LogIoStore: Display: 
[2025.05.13-08.31.13:737][  0]LogIoStore: Display: Container                                          Size (KiB)      Packages #     Localized #
[2025.05.13-08.31.13:737][  0]LogIoStore: Display: ----------------------------------------------------------------------------------------------------------------------------------------------
[2025.05.13-08.31.13:737][  0]LogIoStore: Display: Stealth_game-Windows                                       18             583               0
[2025.05.13-08.31.13:737][  0]LogIoStore: Display: ----------------------------------------------------------------------------------------------------------------------------------------------
[2025.05.13-08.31.13:737][  0]LogIoStore: Display: Total                                                      18             583               0
[2025.05.13-08.31.13:737][  0]LogIoStore: Display: 
[2025.05.13-08.31.13:737][  0]LogIoStore: Display: 
[2025.05.13-08.31.13:737][  0]LogIoStore: Display: Input:       583 Packages
[2025.05.13-08.31.13:737][  0]LogIoStore: Display: Input:      0.18 GB UExp
[2025.05.13-08.31.13:737][  0]LogIoStore: Display: Input:      0.00 GB UAsset
[2025.05.13-08.31.13:737][  0]LogIoStore: Display: Input:      0.13 GB UBulk
[2025.05.13-08.31.13:737][  0]LogIoStore: Display: Input:     52.49 MB for 902 Global shaders
[2025.05.13-08.31.13:737][  0]LogIoStore: Display: Input:      1.41 MB for 149 Shared shaders
[2025.05.13-08.31.13:737][  0]LogIoStore: Display: Input:      0.00 MB for 0 Unique shaders
[2025.05.13-08.31.13:737][  0]LogIoStore: Display: Input:     11.92 MB for 197 Inline shaders
[2025.05.13-08.31.13:737][  0]LogIoStore: Display: 
[2025.05.13-08.31.13:737][  0]LogIoStore: Display: Output:     9884 Name map entries
[2025.05.13-08.31.13:737][  0]LogIoStore: Display: Output:      670 Imported package entries
[2025.05.13-08.31.13:737][  0]LogIoStore: Display: Output:      335 Packages without imports
[2025.05.13-08.31.13:737][  0]LogIoStore: Display: Output:        0 Public runtime script objects
[2025.05.13-08.31.13:737][  0]LogIoStore: Display: Output:     0.00 GB HeaderData
[2025.05.13-08.31.13:737][  0]LogIoStore: Display: Output:     2.29 MB InitialLoadData
[2025.05.13-08.31.13:737][  0]LogIoStore: Display: 
[2025.05.13-08.31.13:742][  0]LogPakFile: Display: UnrealPak executed in 1.229087 seconds
[2025.05.13-08.31.13:743][  0]LogCore: Engine exit requested (reason: UnrealPak Exiting)
[2025.05.13-08.31.13:743][  0]LogExit: Preparing to exit.
[2025.05.13-08.31.13:743][  0]LogExit: Object subsystem successfully closed.
[2025.05.13-08.31.13:744][  0]LogPakFile: Destroying PakPlatformFile
[2025.05.13-08.31.13:744][  0]LogExit: Exiting.
[2025.05.13-08.31.13:753][  0]Log file closed, 05/13/25 10:31:13
